Command: vcs -l vcs.log -timescale=1ns/1ps -assert svaext -cm line+tgl+fsm+branch+cond \
-sverilog -ntb_opts uvm -debug_access+all -full64 -kdb -lca -P /home/cad/eda/SYNOPSYS/VERDI_2022/verdi/T-2022.06-SP1/share/PLI/VCS/LINUX64/novas.tab \
/home/cad/eda/SYNOPSYS/VERDI_2022/verdi/T-2022.06-SP1/share/PLI/VCS/LINUX64/pli.a \
../rtl/router_fifo.v ../rtl/router_fsm.v ../rtl/router_reg.v ../rtl/router_sync.v \
../rtl/router_top.v ../intf/router_dst_intf.sv ../intf/router_src_intf.sv +incdir+../tb \
+incdir+../test +incdir+../src_agent +incdir+../dst_agent ../test/router_pkg.sv ../tb/top.sv \

                         Chronologic VCS (TM)
       Version T-2022.06-SP1_Full64 -- Sun Oct 12 09:01:07 2025

                    Copyright (c) 1991 - 2022 Synopsys, Inc.
   This software and the associated documentation are proprietary to Synopsys,
 Inc. This software may only be used in accordance with the terms and conditions
 of a written license agreement with Synopsys, Inc. All other use, reproduction,
   or distribution of this software is strictly prohibited.  Licensed Products
     communicate with Synopsys servers for the purpose of providing software
    updates, detecting software piracy and verifying that customers are using
    Licensed Products in conformity with the applicable License Key for such
  Licensed Products. Synopsys will use information gathered in connection with
    this process to deliver software updates and pursue software pirates and
                                   infringers.

 Inclusivity & Diversity - Visit SolvNetPlus to read the "Synopsys Statement on
            Inclusivity and Diversity" (Refer to article 000036315 at
                        https://solvnetplus.synopsys.com)


Warning-[LCA_FEATURES_ENABLED] Usage warning
  LCA features enabled by '-lca' argument on the command line.  For more 
  information regarding list of LCA features please refer to Chapter "LCA 
  features" in the VCS Release Notes

Parsing design file '/home/cad/eda/SYNOPSYS/VCS/vcs/T-2022.06-SP1/etc/uvm/uvm_pkg.sv'
Parsing included file '/home/cad/eda/SYNOPSYS/VCS/vcs/T-2022.06-SP1/etc/uvm/uvm_macros.svh'.
Parsing included file '/home/cad/eda/SYNOPSYS/VCS/vcs/T-2022.06-SP1/etc/uvm/macros/uvm_version_defines.svh'.
Back to file '/home/cad/eda/SYNOPSYS/VCS/vcs/T-2022.06-SP1/etc/uvm/uvm_macros.svh'.
Parsing included file '/home/cad/eda/SYNOPSYS/VCS/vcs/T-2022.06-SP1/etc/uvm/macros/snps_macros.svp'.
Back to file '/home/cad/eda/SYNOPSYS/VCS/vcs/T-2022.06-SP1/etc/uvm/uvm_macros.svh'.
Parsing included file '/home/cad/eda/SYNOPSYS/VCS/vcs/T-2022.06-SP1/etc/uvm/macros/uvm_message_defines.svh'.
Back to file '/home/cad/eda/SYNOPSYS/VCS/vcs/T-2022.06-SP1/etc/uvm/uvm_macros.svh'.
Parsing included file '/home/cad/eda/SYNOPSYS/VCS/vcs/T-2022.06-SP1/etc/uvm/macros/uvm_phase_defines.svh'.
Back to file '/home/cad/eda/SYNOPSYS/VCS/vcs/T-2022.06-SP1/etc/uvm/uvm_macros.svh'.
Parsing included file '/home/cad/eda/SYNOPSYS/VCS/vcs/T-2022.06-SP1/etc/uvm/macros/uvm_object_defines.svh'.
Back to file '/home/cad/eda/SYNOPSYS/VCS/vcs/T-2022.06-SP1/etc/uvm/uvm_macros.svh'.
Parsing included file '/home/cad/eda/SYNOPSYS/VCS/vcs/T-2022.06-SP1/etc/uvm/macros/uvm_printer_defines.svh'.
Back to file '/home/cad/eda/SYNOPSYS/VCS/vcs/T-2022.06-SP1/etc/uvm/uvm_macros.svh'.
Parsing included file '/home/cad/eda/SYNOPSYS/VCS/vcs/T-2022.06-SP1/etc/uvm/macros/uvm_tlm_defines.svh'.
Parsing included file '/home/cad/eda/SYNOPSYS/VCS/vcs/T-2022.06-SP1/etc/uvm/tlm1/uvm_tlm_imps.svh'.
Back to file '/home/cad/eda/SYNOPSYS/VCS/vcs/T-2022.06-SP1/etc/uvm/macros/uvm_tlm_defines.svh'.
Back to file '/home/cad/eda/SYNOPSYS/VCS/vcs/T-2022.06-SP1/etc/uvm/uvm_macros.svh'.
Parsing included file '/home/cad/eda/SYNOPSYS/VCS/vcs/T-2022.06-SP1/etc/uvm/macros/uvm_sequence_defines.svh'.
Back to file '/home/cad/eda/SYNOPSYS/VCS/vcs/T-2022.06-SP1/etc/uvm/uvm_macros.svh'.
Parsing included file '/home/cad/eda/SYNOPSYS/VCS/vcs/T-2022.06-SP1/etc/uvm/macros/uvm_callback_defines.svh'.
Back to file '/home/cad/eda/SYNOPSYS/VCS/vcs/T-2022.06-SP1/etc/uvm/uvm_macros.svh'.
Parsing included file '/home/cad/eda/SYNOPSYS/VCS/vcs/T-2022.06-SP1/etc/uvm/macros/uvm_reg_defines.svh'.
Back to file '/home/cad/eda/SYNOPSYS/VCS/vcs/T-2022.06-SP1/etc/uvm/uvm_macros.svh'.
Parsing included file '/home/cad/eda/SYNOPSYS/VCS/vcs/T-2022.06-SP1/etc/uvm/macros/uvm_deprecated_defines.svh'.
Back to file '/home/cad/eda/SYNOPSYS/VCS/vcs/T-2022.06-SP1/etc/uvm/uvm_macros.svh'.
Back to file '/home/cad/eda/SYNOPSYS/VCS/vcs/T-2022.06-SP1/etc/uvm/uvm_pkg.sv'.
Parsing included file '/home/cad/eda/SYNOPSYS/VCS/vcs/T-2022.06-SP1/etc/uvm/directc/uvm_directc.svh'.
Parsing included file '/home/cad/eda/SYNOPSYS/VCS/vcs/T-2022.06-SP1/etc/uvm/directc/uvm_seed.vh'.
Back to file '/home/cad/eda/SYNOPSYS/VCS/vcs/T-2022.06-SP1/etc/uvm/directc/uvm_directc.svh'.
Back to file '/home/cad/eda/SYNOPSYS/VCS/vcs/T-2022.06-SP1/etc/uvm/uvm_pkg.sv'.
Parsing included file '/home/cad/eda/SYNOPSYS/VCS/vcs/T-2022.06-SP1/etc/uvm/dpi/uvm_dpi.svh'.
Parsing included file '/home/cad/eda/SYNOPSYS/VCS/vcs/T-2022.06-SP1/etc/uvm/dpi/uvm_hdl.svh'.
Back to file '/home/cad/eda/SYNOPSYS/VCS/vcs/T-2022.06-SP1/etc/uvm/dpi/uvm_dpi.svh'.
Parsing included file '/home/cad/eda/SYNOPSYS/VCS/vcs/T-2022.06-SP1/etc/uvm/dpi/uvm_svcmd_dpi.svh'.
Back to file '/home/cad/eda/SYNOPSYS/VCS/vcs/T-2022.06-SP1/etc/uvm/dpi/uvm_dpi.svh'.
Parsing included file '/home/cad/eda/SYNOPSYS/VCS/vcs/T-2022.06-SP1/etc/uvm/dpi/uvm_regex.svh'.
Back to file '/home/cad/eda/SYNOPSYS/VCS/vcs/T-2022.06-SP1/etc/uvm/dpi/uvm_dpi.svh'.
Back to file '/home/cad/eda/SYNOPSYS/VCS/vcs/T-2022.06-SP1/etc/uvm/uvm_pkg.sv'.
Parsing included file '/home/cad/eda/SYNOPSYS/VCS/vcs/T-2022.06-SP1/etc/uvm/base/uvm_base.svh'.
Parsing included file '/home/cad/eda/SYNOPSYS/VCS/vcs/T-2022.06-SP1/etc/uvm/base/uvm_version.svh'.
Back to file '/home/cad/eda/SYNOPSYS/VCS/vcs/T-2022.06-SP1/etc/uvm/base/uvm_base.svh'.
Parsing included file '/home/cad/eda/SYNOPSYS/VCS/vcs/T-2022.06-SP1/etc/uvm/base/uvm_object_globals.svh'.
Back to file '/home/cad/eda/SYNOPSYS/VCS/vcs/T-2022.06-SP1/etc/uvm/base/uvm_base.svh'.
Parsing included file '/home/cad/eda/SYNOPSYS/VCS/vcs/T-2022.06-SP1/etc/uvm/base/uvm_misc.svh'.
Back to file '/home/cad/eda/SYNOPSYS/VCS/vcs/T-2022.06-SP1/etc/uvm/base/uvm_base.svh'.
Parsing included file '/home/cad/eda/SYNOPSYS/VCS/vcs/T-2022.06-SP1/etc/uvm/base/uvm_object.svh'.
Back to file '/home/cad/eda/SYNOPSYS/VCS/vcs/T-2022.06-SP1/etc/uvm/base/uvm_base.svh'.
Parsing included file '/home/cad/eda/SYNOPSYS/VCS/vcs/T-2022.06-SP1/etc/uvm/base/uvm_pool.svh'.
Back to file '/home/cad/eda/SYNOPSYS/VCS/vcs/T-2022.06-SP1/etc/uvm/base/uvm_base.svh'.
Parsing included file '/home/cad/eda/SYNOPSYS/VCS/vcs/T-2022.06-SP1/etc/uvm/base/uvm_queue.svh'.
Back to file '/home/cad/eda/SYNOPSYS/VCS/vcs/T-2022.06-SP1/etc/uvm/base/uvm_base.svh'.
Parsing included file '/home/cad/eda/SYNOPSYS/VCS/vcs/T-2022.06-SP1/etc/uvm/base/uvm_factory.svh'.
Back to file '/home/cad/eda/SYNOPSYS/VCS/vcs/T-2022.06-SP1/etc/uvm/base/uvm_base.svh'.
Parsing included file '/home/cad/eda/SYNOPSYS/VCS/vcs/T-2022.06-SP1/etc/uvm/base/uvm_registry.svh'.
Back to file '/home/cad/eda/SYNOPSYS/VCS/vcs/T-2022.06-SP1/etc/uvm/base/uvm_base.svh'.
Parsing included file '/home/cad/eda/SYNOPSYS/VCS/vcs/T-2022.06-SP1/etc/uvm/base/uvm_spell_chkr.svh'.
Back to file '/home/cad/eda/SYNOPSYS/VCS/vcs/T-2022.06-SP1/etc/uvm/base/uvm_base.svh'.
Parsing included file '/home/cad/eda/SYNOPSYS/VCS/vcs/T-2022.06-SP1/etc/uvm/base/uvm_resource.svh'.
Back to file '/home/cad/eda/SYNOPSYS/VCS/vcs/T-2022.06-SP1/etc/uvm/base/uvm_base.svh'.
Parsing included file '/home/cad/eda/SYNOPSYS/VCS/vcs/T-2022.06-SP1/etc/uvm/deprecated/uvm_resource_converter.svh'.
Back to file '/home/cad/eda/SYNOPSYS/VCS/vcs/T-2022.06-SP1/etc/uvm/base/uvm_base.svh'.
Parsing included file '/home/cad/eda/SYNOPSYS/VCS/vcs/T-2022.06-SP1/etc/uvm/base/uvm_resource_specializations.svh'.
Back to file '/home/cad/eda/SYNOPSYS/VCS/vcs/T-2022.06-SP1/etc/uvm/base/uvm_base.svh'.
Parsing included file '/home/cad/eda/SYNOPSYS/VCS/vcs/T-2022.06-SP1/etc/uvm/base/uvm_resource_db.svh'.
Back to file '/home/cad/eda/SYNOPSYS/VCS/vcs/T-2022.06-SP1/etc/uvm/base/uvm_base.svh'.
Parsing included file '/home/cad/eda/SYNOPSYS/VCS/vcs/T-2022.06-SP1/etc/uvm/base/uvm_config_db.svh'.
Back to file '/home/cad/eda/SYNOPSYS/VCS/vcs/T-2022.06-SP1/etc/uvm/base/uvm_base.svh'.
Parsing included file '/home/cad/eda/SYNOPSYS/VCS/vcs/T-2022.06-SP1/etc/uvm/base/uvm_printer.svh'.
Back to file '/home/cad/eda/SYNOPSYS/VCS/vcs/T-2022.06-SP1/etc/uvm/base/uvm_base.svh'.
Parsing included file '/home/cad/eda/SYNOPSYS/VCS/vcs/T-2022.06-SP1/etc/uvm/base/uvm_comparer.svh'.
Back to file '/home/cad/eda/SYNOPSYS/VCS/vcs/T-2022.06-SP1/etc/uvm/base/uvm_base.svh'.
Parsing included file '/home/cad/eda/SYNOPSYS/VCS/vcs/T-2022.06-SP1/etc/uvm/base/uvm_packer.svh'.
Back to file '/home/cad/eda/SYNOPSYS/VCS/vcs/T-2022.06-SP1/etc/uvm/base/uvm_base.svh'.
Parsing included file '/home/cad/eda/SYNOPSYS/VCS/vcs/T-2022.06-SP1/etc/uvm/base/uvm_recorder.svh'.
Back to file '/home/cad/eda/SYNOPSYS/VCS/vcs/T-2022.06-SP1/etc/uvm/base/uvm_base.svh'.
Parsing included file '/home/cad/eda/SYNOPSYS/VCS/vcs/T-2022.06-SP1/etc/uvm/base/uvm_event_callback.svh'.
Back to file '/home/cad/eda/SYNOPSYS/VCS/vcs/T-2022.06-SP1/etc/uvm/base/uvm_base.svh'.
Parsing included file '/home/cad/eda/SYNOPSYS/VCS/vcs/T-2022.06-SP1/etc/uvm/base/uvm_event.svh'.
Back to file '/home/cad/eda/SYNOPSYS/VCS/vcs/T-2022.06-SP1/etc/uvm/base/uvm_base.svh'.
Parsing included file '/home/cad/eda/SYNOPSYS/VCS/vcs/T-2022.06-SP1/etc/uvm/base/uvm_barrier.svh'.
Back to file '/home/cad/eda/SYNOPSYS/VCS/vcs/T-2022.06-SP1/etc/uvm/base/uvm_base.svh'.
Parsing included file '/home/cad/eda/SYNOPSYS/VCS/vcs/T-2022.06-SP1/etc/uvm/base/uvm_callback.svh'.
Parsing included file '/home/cad/eda/SYNOPSYS/VCS/vcs/T-2022.06-SP1/etc/uvm/uvm_macros.svh'.
Back to file '/home/cad/eda/SYNOPSYS/VCS/vcs/T-2022.06-SP1/etc/uvm/base/uvm_callback.svh'.
Back to file '/home/cad/eda/SYNOPSYS/VCS/vcs/T-2022.06-SP1/etc/uvm/base/uvm_base.svh'.
Parsing included file '/home/cad/eda/SYNOPSYS/VCS/vcs/T-2022.06-SP1/etc/uvm/base/uvm_report_catcher.svh'.
Back to file '/home/cad/eda/SYNOPSYS/VCS/vcs/T-2022.06-SP1/etc/uvm/base/uvm_base.svh'.
Parsing included file '/home/cad/eda/SYNOPSYS/VCS/vcs/T-2022.06-SP1/etc/uvm/base/uvm_report_server.svh'.
Back to file '/home/cad/eda/SYNOPSYS/VCS/vcs/T-2022.06-SP1/etc/uvm/base/uvm_base.svh'.
Parsing included file '/home/cad/eda/SYNOPSYS/VCS/vcs/T-2022.06-SP1/etc/uvm/base/uvm_report_handler.svh'.
Back to file '/home/cad/eda/SYNOPSYS/VCS/vcs/T-2022.06-SP1/etc/uvm/base/uvm_base.svh'.
Parsing included file '/home/cad/eda/SYNOPSYS/VCS/vcs/T-2022.06-SP1/etc/uvm/base/uvm_report_object.svh'.
Back to file '/home/cad/eda/SYNOPSYS/VCS/vcs/T-2022.06-SP1/etc/uvm/base/uvm_base.svh'.
Parsing included file '/home/cad/eda/SYNOPSYS/VCS/vcs/T-2022.06-SP1/etc/uvm/base/uvm_transaction.svh'.
Back to file '/home/cad/eda/SYNOPSYS/VCS/vcs/T-2022.06-SP1/etc/uvm/base/uvm_base.svh'.
Parsing included file '/home/cad/eda/SYNOPSYS/VCS/vcs/T-2022.06-SP1/etc/uvm/base/uvm_phase.svh'.
Back to file '/home/cad/eda/SYNOPSYS/VCS/vcs/T-2022.06-SP1/etc/uvm/base/uvm_base.svh'.
Parsing included file '/home/cad/eda/SYNOPSYS/VCS/vcs/T-2022.06-SP1/etc/uvm/base/uvm_domain.svh'.
Back to file '/home/cad/eda/SYNOPSYS/VCS/vcs/T-2022.06-SP1/etc/uvm/base/uvm_base.svh'.
Parsing included file '/home/cad/eda/SYNOPSYS/VCS/vcs/T-2022.06-SP1/etc/uvm/base/uvm_bottomup_phase.svh'.
Back to file '/home/cad/eda/SYNOPSYS/VCS/vcs/T-2022.06-SP1/etc/uvm/base/uvm_base.svh'.
Parsing included file '/home/cad/eda/SYNOPSYS/VCS/vcs/T-2022.06-SP1/etc/uvm/base/uvm_topdown_phase.svh'.
Back to file '/home/cad/eda/SYNOPSYS/VCS/vcs/T-2022.06-SP1/etc/uvm/base/uvm_base.svh'.
Parsing included file '/home/cad/eda/SYNOPSYS/VCS/vcs/T-2022.06-SP1/etc/uvm/base/uvm_task_phase.svh'.
Back to file '/home/cad/eda/SYNOPSYS/VCS/vcs/T-2022.06-SP1/etc/uvm/base/uvm_base.svh'.
Parsing included file '/home/cad/eda/SYNOPSYS/VCS/vcs/T-2022.06-SP1/etc/uvm/base/uvm_common_phases.svh'.
Back to file '/home/cad/eda/SYNOPSYS/VCS/vcs/T-2022.06-SP1/etc/uvm/base/uvm_base.svh'.
Parsing included file '/home/cad/eda/SYNOPSYS/VCS/vcs/T-2022.06-SP1/etc/uvm/base/uvm_runtime_phases.svh'.
Back to file '/home/cad/eda/SYNOPSYS/VCS/vcs/T-2022.06-SP1/etc/uvm/base/uvm_base.svh'.
Parsing included file '/home/cad/eda/SYNOPSYS/VCS/vcs/T-2022.06-SP1/etc/uvm/base/uvm_component.svh'.
Parsing included file '/home/cad/eda/SYNOPSYS/VCS/vcs/T-2022.06-SP1/etc/uvm/base/uvm_root.svh'.
Back to file '/home/cad/eda/SYNOPSYS/VCS/vcs/T-2022.06-SP1/etc/uvm/base/uvm_component.svh'.
Back to file '/home/cad/eda/SYNOPSYS/VCS/vcs/T-2022.06-SP1/etc/uvm/base/uvm_base.svh'.
Parsing included file '/home/cad/eda/SYNOPSYS/VCS/vcs/T-2022.06-SP1/etc/uvm/base/uvm_objection.svh'.
Back to file '/home/cad/eda/SYNOPSYS/VCS/vcs/T-2022.06-SP1/etc/uvm/base/uvm_base.svh'.
Parsing included file '/home/cad/eda/SYNOPSYS/VCS/vcs/T-2022.06-SP1/etc/uvm/base/uvm_heartbeat.svh'.
Back to file '/home/cad/eda/SYNOPSYS/VCS/vcs/T-2022.06-SP1/etc/uvm/base/uvm_base.svh'.
Parsing included file '/home/cad/eda/SYNOPSYS/VCS/vcs/T-2022.06-SP1/etc/uvm/base/uvm_globals.svh'.
Back to file '/home/cad/eda/SYNOPSYS/VCS/vcs/T-2022.06-SP1/etc/uvm/base/uvm_base.svh'.
Parsing included file '/home/cad/eda/SYNOPSYS/VCS/vcs/T-2022.06-SP1/etc/uvm/base/uvm_cmdline_processor.svh'.
Back to file '/home/cad/eda/SYNOPSYS/VCS/vcs/T-2022.06-SP1/etc/uvm/base/uvm_base.svh'.
Back to file '/home/cad/eda/SYNOPSYS/VCS/vcs/T-2022.06-SP1/etc/uvm/uvm_pkg.sv'.
Parsing included file '/home/cad/eda/SYNOPSYS/VCS/vcs/T-2022.06-SP1/etc/uvm/tlm1/uvm_tlm.svh'.
Parsing included file '/home/cad/eda/SYNOPSYS/VCS/vcs/T-2022.06-SP1/etc/uvm/tlm1/uvm_tlm_ifs.svh'.
Back to file '/home/cad/eda/SYNOPSYS/VCS/vcs/T-2022.06-SP1/etc/uvm/tlm1/uvm_tlm.svh'.
Parsing included file '/home/cad/eda/SYNOPSYS/VCS/vcs/T-2022.06-SP1/etc/uvm/tlm1/uvm_sqr_ifs.svh'.
Back to file '/home/cad/eda/SYNOPSYS/VCS/vcs/T-2022.06-SP1/etc/uvm/tlm1/uvm_tlm.svh'.
Parsing included file '/home/cad/eda/SYNOPSYS/VCS/vcs/T-2022.06-SP1/etc/uvm/base/uvm_port_base.svh'.
Back to file '/home/cad/eda/SYNOPSYS/VCS/vcs/T-2022.06-SP1/etc/uvm/tlm1/uvm_tlm.svh'.
Parsing included file '/home/cad/eda/SYNOPSYS/VCS/vcs/T-2022.06-SP1/etc/uvm/tlm1/uvm_tlm_imps.svh'.
Back to file '/home/cad/eda/SYNOPSYS/VCS/vcs/T-2022.06-SP1/etc/uvm/tlm1/uvm_tlm.svh'.
Parsing included file '/home/cad/eda/SYNOPSYS/VCS/vcs/T-2022.06-SP1/etc/uvm/tlm1/uvm_imps.svh'.
Back to file '/home/cad/eda/SYNOPSYS/VCS/vcs/T-2022.06-SP1/etc/uvm/tlm1/uvm_tlm.svh'.
Parsing included file '/home/cad/eda/SYNOPSYS/VCS/vcs/T-2022.06-SP1/etc/uvm/tlm1/uvm_ports.svh'.
Back to file '/home/cad/eda/SYNOPSYS/VCS/vcs/T-2022.06-SP1/etc/uvm/tlm1/uvm_tlm.svh'.
Parsing included file '/home/cad/eda/SYNOPSYS/VCS/vcs/T-2022.06-SP1/etc/uvm/tlm1/uvm_exports.svh'.
Back to file '/home/cad/eda/SYNOPSYS/VCS/vcs/T-2022.06-SP1/etc/uvm/tlm1/uvm_tlm.svh'.
Parsing included file '/home/cad/eda/SYNOPSYS/VCS/vcs/T-2022.06-SP1/etc/uvm/tlm1/uvm_analysis_port.svh'.
Back to file '/home/cad/eda/SYNOPSYS/VCS/vcs/T-2022.06-SP1/etc/uvm/tlm1/uvm_tlm.svh'.
Parsing included file '/home/cad/eda/SYNOPSYS/VCS/vcs/T-2022.06-SP1/etc/uvm/tlm1/uvm_tlm_fifo_base.svh'.
Back to file '/home/cad/eda/SYNOPSYS/VCS/vcs/T-2022.06-SP1/etc/uvm/tlm1/uvm_tlm.svh'.
Parsing included file '/home/cad/eda/SYNOPSYS/VCS/vcs/T-2022.06-SP1/etc/uvm/tlm1/uvm_tlm_fifos.svh'.
Back to file '/home/cad/eda/SYNOPSYS/VCS/vcs/T-2022.06-SP1/etc/uvm/tlm1/uvm_tlm.svh'.
Parsing included file '/home/cad/eda/SYNOPSYS/VCS/vcs/T-2022.06-SP1/etc/uvm/tlm1/uvm_tlm_req_rsp.svh'.
Back to file '/home/cad/eda/SYNOPSYS/VCS/vcs/T-2022.06-SP1/etc/uvm/tlm1/uvm_tlm.svh'.
Parsing included file '/home/cad/eda/SYNOPSYS/VCS/vcs/T-2022.06-SP1/etc/uvm/tlm1/uvm_sqr_connections.svh'.
Back to file '/home/cad/eda/SYNOPSYS/VCS/vcs/T-2022.06-SP1/etc/uvm/tlm1/uvm_tlm.svh'.
Back to file '/home/cad/eda/SYNOPSYS/VCS/vcs/T-2022.06-SP1/etc/uvm/uvm_pkg.sv'.
Parsing included file '/home/cad/eda/SYNOPSYS/VCS/vcs/T-2022.06-SP1/etc/uvm/comps/uvm_comps.svh'.
Parsing included file '/home/cad/eda/SYNOPSYS/VCS/vcs/T-2022.06-SP1/etc/uvm/comps/uvm_pair.svh'.
Back to file '/home/cad/eda/SYNOPSYS/VCS/vcs/T-2022.06-SP1/etc/uvm/comps/uvm_comps.svh'.
Parsing included file '/home/cad/eda/SYNOPSYS/VCS/vcs/T-2022.06-SP1/etc/uvm/comps/uvm_policies.svh'.
Back to file '/home/cad/eda/SYNOPSYS/VCS/vcs/T-2022.06-SP1/etc/uvm/comps/uvm_comps.svh'.
Parsing included file '/home/cad/eda/SYNOPSYS/VCS/vcs/T-2022.06-SP1/etc/uvm/comps/uvm_in_order_comparator.svh'.
Back to file '/home/cad/eda/SYNOPSYS/VCS/vcs/T-2022.06-SP1/etc/uvm/comps/uvm_comps.svh'.
Parsing included file '/home/cad/eda/SYNOPSYS/VCS/vcs/T-2022.06-SP1/etc/uvm/comps/uvm_algorithmic_comparator.svh'.
Back to file '/home/cad/eda/SYNOPSYS/VCS/vcs/T-2022.06-SP1/etc/uvm/comps/uvm_comps.svh'.
Parsing included file '/home/cad/eda/SYNOPSYS/VCS/vcs/T-2022.06-SP1/etc/uvm/comps/uvm_random_stimulus.svh'.
Back to file '/home/cad/eda/SYNOPSYS/VCS/vcs/T-2022.06-SP1/etc/uvm/comps/uvm_comps.svh'.
Parsing included file '/home/cad/eda/SYNOPSYS/VCS/vcs/T-2022.06-SP1/etc/uvm/comps/uvm_subscriber.svh'.
Back to file '/home/cad/eda/SYNOPSYS/VCS/vcs/T-2022.06-SP1/etc/uvm/comps/uvm_comps.svh'.
Parsing included file '/home/cad/eda/SYNOPSYS/VCS/vcs/T-2022.06-SP1/etc/uvm/comps/uvm_monitor.svh'.
Back to file '/home/cad/eda/SYNOPSYS/VCS/vcs/T-2022.06-SP1/etc/uvm/comps/uvm_comps.svh'.
Parsing included file '/home/cad/eda/SYNOPSYS/VCS/vcs/T-2022.06-SP1/etc/uvm/comps/uvm_driver.svh'.
Back to file '/home/cad/eda/SYNOPSYS/VCS/vcs/T-2022.06-SP1/etc/uvm/comps/uvm_comps.svh'.
Parsing included file '/home/cad/eda/SYNOPSYS/VCS/vcs/T-2022.06-SP1/etc/uvm/comps/uvm_push_driver.svh'.
Back to file '/home/cad/eda/SYNOPSYS/VCS/vcs/T-2022.06-SP1/etc/uvm/comps/uvm_comps.svh'.
Parsing included file '/home/cad/eda/SYNOPSYS/VCS/vcs/T-2022.06-SP1/etc/uvm/comps/uvm_scoreboard.svh'.
Back to file '/home/cad/eda/SYNOPSYS/VCS/vcs/T-2022.06-SP1/etc/uvm/comps/uvm_comps.svh'.
Parsing included file '/home/cad/eda/SYNOPSYS/VCS/vcs/T-2022.06-SP1/etc/uvm/comps/uvm_agent.svh'.
Back to file '/home/cad/eda/SYNOPSYS/VCS/vcs/T-2022.06-SP1/etc/uvm/comps/uvm_comps.svh'.
Parsing included file '/home/cad/eda/SYNOPSYS/VCS/vcs/T-2022.06-SP1/etc/uvm/comps/uvm_env.svh'.
Back to file '/home/cad/eda/SYNOPSYS/VCS/vcs/T-2022.06-SP1/etc/uvm/comps/uvm_comps.svh'.
Parsing included file '/home/cad/eda/SYNOPSYS/VCS/vcs/T-2022.06-SP1/etc/uvm/comps/uvm_test.svh'.
Back to file '/home/cad/eda/SYNOPSYS/VCS/vcs/T-2022.06-SP1/etc/uvm/comps/uvm_comps.svh'.
Back to file '/home/cad/eda/SYNOPSYS/VCS/vcs/T-2022.06-SP1/etc/uvm/uvm_pkg.sv'.
Parsing included file '/home/cad/eda/SYNOPSYS/VCS/vcs/T-2022.06-SP1/etc/uvm/seq/uvm_seq.svh'.
Parsing included file '/home/cad/eda/SYNOPSYS/VCS/vcs/T-2022.06-SP1/etc/uvm/seq/uvm_sequence_item.svh'.
Back to file '/home/cad/eda/SYNOPSYS/VCS/vcs/T-2022.06-SP1/etc/uvm/seq/uvm_seq.svh'.
Parsing included file '/home/cad/eda/SYNOPSYS/VCS/vcs/T-2022.06-SP1/etc/uvm/seq/uvm_sequencer_base.svh'.
Back to file '/home/cad/eda/SYNOPSYS/VCS/vcs/T-2022.06-SP1/etc/uvm/seq/uvm_seq.svh'.
Parsing included file '/home/cad/eda/SYNOPSYS/VCS/vcs/T-2022.06-SP1/etc/uvm/seq/uvm_sequencer_analysis_fifo.svh'.
Back to file '/home/cad/eda/SYNOPSYS/VCS/vcs/T-2022.06-SP1/etc/uvm/seq/uvm_seq.svh'.
Parsing included file '/home/cad/eda/SYNOPSYS/VCS/vcs/T-2022.06-SP1/etc/uvm/seq/uvm_sequencer_param_base.svh'.
Back to file '/home/cad/eda/SYNOPSYS/VCS/vcs/T-2022.06-SP1/etc/uvm/seq/uvm_seq.svh'.
Parsing included file '/home/cad/eda/SYNOPSYS/VCS/vcs/T-2022.06-SP1/etc/uvm/seq/uvm_sequencer.svh'.
Back to file '/home/cad/eda/SYNOPSYS/VCS/vcs/T-2022.06-SP1/etc/uvm/seq/uvm_seq.svh'.
Parsing included file '/home/cad/eda/SYNOPSYS/VCS/vcs/T-2022.06-SP1/etc/uvm/seq/uvm_push_sequencer.svh'.
Back to file '/home/cad/eda/SYNOPSYS/VCS/vcs/T-2022.06-SP1/etc/uvm/seq/uvm_seq.svh'.
Parsing included file '/home/cad/eda/SYNOPSYS/VCS/vcs/T-2022.06-SP1/etc/uvm/seq/uvm_sequence_base.svh'.
Back to file '/home/cad/eda/SYNOPSYS/VCS/vcs/T-2022.06-SP1/etc/uvm/seq/uvm_seq.svh'.
Parsing included file '/home/cad/eda/SYNOPSYS/VCS/vcs/T-2022.06-SP1/etc/uvm/seq/uvm_sequence.svh'.
Back to file '/home/cad/eda/SYNOPSYS/VCS/vcs/T-2022.06-SP1/etc/uvm/seq/uvm_seq.svh'.
Parsing included file '/home/cad/eda/SYNOPSYS/VCS/vcs/T-2022.06-SP1/etc/uvm/seq/uvm_sequence_library.svh'.
Back to file '/home/cad/eda/SYNOPSYS/VCS/vcs/T-2022.06-SP1/etc/uvm/seq/uvm_seq.svh'.
Parsing included file '/home/cad/eda/SYNOPSYS/VCS/vcs/T-2022.06-SP1/etc/uvm/seq/uvm_sequence_builtin.svh'.
Back to file '/home/cad/eda/SYNOPSYS/VCS/vcs/T-2022.06-SP1/etc/uvm/seq/uvm_seq.svh'.
Back to file '/home/cad/eda/SYNOPSYS/VCS/vcs/T-2022.06-SP1/etc/uvm/uvm_pkg.sv'.
Parsing included file '/home/cad/eda/SYNOPSYS/VCS/vcs/T-2022.06-SP1/etc/uvm/tlm2/uvm_tlm2.svh'.
Parsing included file '/home/cad/eda/SYNOPSYS/VCS/vcs/T-2022.06-SP1/etc/uvm/tlm2/uvm_tlm2_defines.svh'.
Back to file '/home/cad/eda/SYNOPSYS/VCS/vcs/T-2022.06-SP1/etc/uvm/tlm2/uvm_tlm2.svh'.
Parsing included file '/home/cad/eda/SYNOPSYS/VCS/vcs/T-2022.06-SP1/etc/uvm/tlm2/uvm_tlm2_time.svh'.
Back to file '/home/cad/eda/SYNOPSYS/VCS/vcs/T-2022.06-SP1/etc/uvm/tlm2/uvm_tlm2.svh'.
Parsing included file '/home/cad/eda/SYNOPSYS/VCS/vcs/T-2022.06-SP1/etc/uvm/tlm2/uvm_tlm2_generic_payload.svh'.
Back to file '/home/cad/eda/SYNOPSYS/VCS/vcs/T-2022.06-SP1/etc/uvm/tlm2/uvm_tlm2.svh'.
Parsing included file '/home/cad/eda/SYNOPSYS/VCS/vcs/T-2022.06-SP1/etc/uvm/tlm2/uvm_tlm2_ifs.svh'.
Back to file '/home/cad/eda/SYNOPSYS/VCS/vcs/T-2022.06-SP1/etc/uvm/tlm2/uvm_tlm2.svh'.
Parsing included file '/home/cad/eda/SYNOPSYS/VCS/vcs/T-2022.06-SP1/etc/uvm/tlm2/uvm_tlm2_imps.svh'.
Back to file '/home/cad/eda/SYNOPSYS/VCS/vcs/T-2022.06-SP1/etc/uvm/tlm2/uvm_tlm2.svh'.
Parsing included file '/home/cad/eda/SYNOPSYS/VCS/vcs/T-2022.06-SP1/etc/uvm/tlm2/uvm_tlm2_ports.svh'.
Back to file '/home/cad/eda/SYNOPSYS/VCS/vcs/T-2022.06-SP1/etc/uvm/tlm2/uvm_tlm2.svh'.
Parsing included file '/home/cad/eda/SYNOPSYS/VCS/vcs/T-2022.06-SP1/etc/uvm/tlm2/uvm_tlm2_exports.svh'.
Back to file '/home/cad/eda/SYNOPSYS/VCS/vcs/T-2022.06-SP1/etc/uvm/tlm2/uvm_tlm2.svh'.
Parsing included file '/home/cad/eda/SYNOPSYS/VCS/vcs/T-2022.06-SP1/etc/uvm/tlm2/uvm_tlm2_sockets_base.svh'.
Back to file '/home/cad/eda/SYNOPSYS/VCS/vcs/T-2022.06-SP1/etc/uvm/tlm2/uvm_tlm2.svh'.
Parsing included file '/home/cad/eda/SYNOPSYS/VCS/vcs/T-2022.06-SP1/etc/uvm/tlm2/uvm_tlm2_sockets.svh'.
Back to file '/home/cad/eda/SYNOPSYS/VCS/vcs/T-2022.06-SP1/etc/uvm/tlm2/uvm_tlm2.svh'.
Back to file '/home/cad/eda/SYNOPSYS/VCS/vcs/T-2022.06-SP1/etc/uvm/uvm_pkg.sv'.
Parsing included file '/home/cad/eda/SYNOPSYS/VCS/vcs/T-2022.06-SP1/etc/uvm/reg/uvm_reg_model.svh'.
Parsing included file '/home/cad/eda/SYNOPSYS/VCS/vcs/T-2022.06-SP1/etc/uvm/reg/uvm_reg_item.svh'.
Back to file '/home/cad/eda/SYNOPSYS/VCS/vcs/T-2022.06-SP1/etc/uvm/reg/uvm_reg_model.svh'.
Parsing included file '/home/cad/eda/SYNOPSYS/VCS/vcs/T-2022.06-SP1/etc/uvm/reg/uvm_reg_adapter.svh'.
Back to file '/home/cad/eda/SYNOPSYS/VCS/vcs/T-2022.06-SP1/etc/uvm/reg/uvm_reg_model.svh'.
Parsing included file '/home/cad/eda/SYNOPSYS/VCS/vcs/T-2022.06-SP1/etc/uvm/reg/uvm_reg_predictor.svh'.
Back to file '/home/cad/eda/SYNOPSYS/VCS/vcs/T-2022.06-SP1/etc/uvm/reg/uvm_reg_model.svh'.
Parsing included file '/home/cad/eda/SYNOPSYS/VCS/vcs/T-2022.06-SP1/etc/uvm/reg/uvm_reg_sequence.svh'.
Back to file '/home/cad/eda/SYNOPSYS/VCS/vcs/T-2022.06-SP1/etc/uvm/reg/uvm_reg_model.svh'.
Parsing included file '/home/cad/eda/SYNOPSYS/VCS/vcs/T-2022.06-SP1/etc/uvm/reg/uvm_reg_cbs.svh'.
Back to file '/home/cad/eda/SYNOPSYS/VCS/vcs/T-2022.06-SP1/etc/uvm/reg/uvm_reg_model.svh'.
Parsing included file '/home/cad/eda/SYNOPSYS/VCS/vcs/T-2022.06-SP1/etc/uvm/reg/uvm_reg_backdoor.svh'.
Back to file '/home/cad/eda/SYNOPSYS/VCS/vcs/T-2022.06-SP1/etc/uvm/reg/uvm_reg_model.svh'.
Parsing included file '/home/cad/eda/SYNOPSYS/VCS/vcs/T-2022.06-SP1/etc/uvm/reg/uvm_reg_field.svh'.
Back to file '/home/cad/eda/SYNOPSYS/VCS/vcs/T-2022.06-SP1/etc/uvm/reg/uvm_reg_model.svh'.
Parsing included file '/home/cad/eda/SYNOPSYS/VCS/vcs/T-2022.06-SP1/etc/uvm/reg/uvm_vreg_field.svh'.
Back to file '/home/cad/eda/SYNOPSYS/VCS/vcs/T-2022.06-SP1/etc/uvm/reg/uvm_reg_model.svh'.
Parsing included file '/home/cad/eda/SYNOPSYS/VCS/vcs/T-2022.06-SP1/etc/uvm/reg/uvm_reg.svh'.
Back to file '/home/cad/eda/SYNOPSYS/VCS/vcs/T-2022.06-SP1/etc/uvm/reg/uvm_reg_model.svh'.
Parsing included file '/home/cad/eda/SYNOPSYS/VCS/vcs/T-2022.06-SP1/etc/uvm/reg/uvm_reg_indirect.svh'.
Back to file '/home/cad/eda/SYNOPSYS/VCS/vcs/T-2022.06-SP1/etc/uvm/reg/uvm_reg_model.svh'.
Parsing included file '/home/cad/eda/SYNOPSYS/VCS/vcs/T-2022.06-SP1/etc/uvm/reg/uvm_reg_fifo.svh'.
Back to file '/home/cad/eda/SYNOPSYS/VCS/vcs/T-2022.06-SP1/etc/uvm/reg/uvm_reg_model.svh'.
Parsing included file '/home/cad/eda/SYNOPSYS/VCS/vcs/T-2022.06-SP1/etc/uvm/reg/uvm_reg_file.svh'.
Back to file '/home/cad/eda/SYNOPSYS/VCS/vcs/T-2022.06-SP1/etc/uvm/reg/uvm_reg_model.svh'.
Parsing included file '/home/cad/eda/SYNOPSYS/VCS/vcs/T-2022.06-SP1/etc/uvm/reg/uvm_mem_mam.svh'.
Back to file '/home/cad/eda/SYNOPSYS/VCS/vcs/T-2022.06-SP1/etc/uvm/reg/uvm_reg_model.svh'.
Parsing included file '/home/cad/eda/SYNOPSYS/VCS/vcs/T-2022.06-SP1/etc/uvm/reg/uvm_vreg.svh'.
Back to file '/home/cad/eda/SYNOPSYS/VCS/vcs/T-2022.06-SP1/etc/uvm/reg/uvm_reg_model.svh'.
Parsing included file '/home/cad/eda/SYNOPSYS/VCS/vcs/T-2022.06-SP1/etc/uvm/reg/uvm_mem.svh'.
Back to file '/home/cad/eda/SYNOPSYS/VCS/vcs/T-2022.06-SP1/etc/uvm/reg/uvm_reg_model.svh'.
Parsing included file '/home/cad/eda/SYNOPSYS/VCS/vcs/T-2022.06-SP1/etc/uvm/reg/uvm_reg_map.svh'.
Back to file '/home/cad/eda/SYNOPSYS/VCS/vcs/T-2022.06-SP1/etc/uvm/reg/uvm_reg_model.svh'.
Parsing included file '/home/cad/eda/SYNOPSYS/VCS/vcs/T-2022.06-SP1/etc/uvm/reg/uvm_reg_block.svh'.
Back to file '/home/cad/eda/SYNOPSYS/VCS/vcs/T-2022.06-SP1/etc/uvm/reg/uvm_reg_model.svh'.
Parsing included file '/home/cad/eda/SYNOPSYS/VCS/vcs/T-2022.06-SP1/etc/uvm/reg/sequences/uvm_reg_hw_reset_seq.svh'.
Back to file '/home/cad/eda/SYNOPSYS/VCS/vcs/T-2022.06-SP1/etc/uvm/reg/uvm_reg_model.svh'.
Parsing included file '/home/cad/eda/SYNOPSYS/VCS/vcs/T-2022.06-SP1/etc/uvm/reg/sequences/uvm_reg_bit_bash_seq.svh'.
Back to file '/home/cad/eda/SYNOPSYS/VCS/vcs/T-2022.06-SP1/etc/uvm/reg/uvm_reg_model.svh'.
Parsing included file '/home/cad/eda/SYNOPSYS/VCS/vcs/T-2022.06-SP1/etc/uvm/reg/sequences/uvm_mem_walk_seq.svh'.
Back to file '/home/cad/eda/SYNOPSYS/VCS/vcs/T-2022.06-SP1/etc/uvm/reg/uvm_reg_model.svh'.
Parsing included file '/home/cad/eda/SYNOPSYS/VCS/vcs/T-2022.06-SP1/etc/uvm/reg/sequences/uvm_mem_access_seq.svh'.
Back to file '/home/cad/eda/SYNOPSYS/VCS/vcs/T-2022.06-SP1/etc/uvm/reg/uvm_reg_model.svh'.
Parsing included file '/home/cad/eda/SYNOPSYS/VCS/vcs/T-2022.06-SP1/etc/uvm/reg/sequences/uvm_reg_access_seq.svh'.
Back to file '/home/cad/eda/SYNOPSYS/VCS/vcs/T-2022.06-SP1/etc/uvm/reg/uvm_reg_model.svh'.
Parsing included file '/home/cad/eda/SYNOPSYS/VCS/vcs/T-2022.06-SP1/etc/uvm/reg/sequences/uvm_reg_mem_shared_access_seq.svh'.
Back to file '/home/cad/eda/SYNOPSYS/VCS/vcs/T-2022.06-SP1/etc/uvm/reg/uvm_reg_model.svh'.
Parsing included file '/home/cad/eda/SYNOPSYS/VCS/vcs/T-2022.06-SP1/etc/uvm/reg/sequences/uvm_reg_mem_built_in_seq.svh'.
Back to file '/home/cad/eda/SYNOPSYS/VCS/vcs/T-2022.06-SP1/etc/uvm/reg/uvm_reg_model.svh'.
Parsing included file '/home/cad/eda/SYNOPSYS/VCS/vcs/T-2022.06-SP1/etc/uvm/reg/sequences/uvm_reg_mem_hdl_paths_seq.svh'.
Back to file '/home/cad/eda/SYNOPSYS/VCS/vcs/T-2022.06-SP1/etc/uvm/reg/uvm_reg_model.svh'.
Parsing included file '/home/cad/eda/SYNOPSYS/VCS/vcs/T-2022.06-SP1/etc/uvm/reg/snps_uvm_reg_bank.svh'.
Back to file '/home/cad/eda/SYNOPSYS/VCS/vcs/T-2022.06-SP1/etc/uvm/reg/uvm_reg_model.svh'.
Back to file '/home/cad/eda/SYNOPSYS/VCS/vcs/T-2022.06-SP1/etc/uvm/uvm_pkg.sv'.
Parsing included file '/home/cad/eda/SYNOPSYS/VCS/vcs/T-2022.06-SP1/etc/uvm/vcs/vcs_uvm_alt.sv'.
Back to file '/home/cad/eda/SYNOPSYS/VCS/vcs/T-2022.06-SP1/etc/uvm/uvm_pkg.sv'.
Parsing design file '/home/cad/eda/SYNOPSYS/VCS/vcs/T-2022.06-SP1/etc/uvm/vcs/uvm_custom_install_vcs_recorder.sv'
Parsing included file '/home/cad/eda/SYNOPSYS/VCS/vcs/T-2022.06-SP1/etc/uvm/vcs/msglog.svh'.
Back to file '/home/cad/eda/SYNOPSYS/VCS/vcs/T-2022.06-SP1/etc/uvm/vcs/uvm_custom_install_vcs_recorder.sv'.
Parsing included file '/home/cad/eda/SYNOPSYS/VCS/vcs/T-2022.06-SP1/etc/uvm/vcs/uvm_msglog_report_server.sv'.
Back to file '/home/cad/eda/SYNOPSYS/VCS/vcs/T-2022.06-SP1/etc/uvm/vcs/uvm_custom_install_vcs_recorder.sv'.
Parsing included file '/home/cad/eda/SYNOPSYS/VCS/vcs/T-2022.06-SP1/etc/uvm/vcs/uvm_vcs_recorder.svh'.
Back to file '/home/cad/eda/SYNOPSYS/VCS/vcs/T-2022.06-SP1/etc/uvm/vcs/uvm_custom_install_vcs_recorder.sv'.
Parsing included file '/home/cad/eda/SYNOPSYS/VCS/vcs/T-2022.06-SP1/etc/uvm/vcs/uvm_vcs_record_interface.sv'.
Back to file '/home/cad/eda/SYNOPSYS/VCS/vcs/T-2022.06-SP1/etc/uvm/vcs/uvm_custom_install_vcs_recorder.sv'.
Parsing design file '/home/cad/eda/SYNOPSYS/VCS/vcs/T-2022.06-SP1/etc/uvm/verdi/uvm_custom_install_verdi_recorder.sv'
Parsing included file '/home/cad/eda/SYNOPSYS/VCS/vcs/T-2022.06-SP1/etc/uvm/uvm_macros.svh'.
Back to file '/home/cad/eda/SYNOPSYS/VCS/vcs/T-2022.06-SP1/etc/uvm/verdi/uvm_custom_install_verdi_recorder.sv'.
Parsing included file '/home/cad/eda/SYNOPSYS/VCS/vcs/T-2022.06-SP1/etc/uvm/verdi/uvm_verdi_recorder.svh'.
Parsing included file '/home/cad/eda/SYNOPSYS/VCS/vcs/T-2022.06-SP1/etc/uvm/verdi/uvm_verdi_pli_base.svh'.
Back to file '/home/cad/eda/SYNOPSYS/VCS/vcs/T-2022.06-SP1/etc/uvm/verdi/uvm_verdi_recorder.svh'.
Back to file '/home/cad/eda/SYNOPSYS/VCS/vcs/T-2022.06-SP1/etc/uvm/verdi/uvm_custom_install_verdi_recorder.sv'.
Parsing included file '/home/cad/eda/SYNOPSYS/VCS/vcs/T-2022.06-SP1/etc/uvm/verdi/uvm_verdi_reg_map_recording.sv'.
Back to file '/home/cad/eda/SYNOPSYS/VCS/vcs/T-2022.06-SP1/etc/uvm/verdi/uvm_custom_install_verdi_recorder.sv'.
Parsing included file '/home/cad/eda/SYNOPSYS/VCS/vcs/T-2022.06-SP1/etc/uvm/verdi/uvm_verdi_message_catcher.svh'.
Parsing included file '/home/cad/eda/SYNOPSYS/VCS/vcs/T-2022.06-SP1/etc/uvm/verdi/uvm_verdi_pli_base.svh'.
Back to file '/home/cad/eda/SYNOPSYS/VCS/vcs/T-2022.06-SP1/etc/uvm/verdi/uvm_verdi_message_catcher.svh'.
Back to file '/home/cad/eda/SYNOPSYS/VCS/vcs/T-2022.06-SP1/etc/uvm/verdi/uvm_custom_install_verdi_recorder.sv'.
Parsing included file '/home/cad/eda/SYNOPSYS/VCS/vcs/T-2022.06-SP1/etc/uvm/verdi/./dpi/uvm_verdi_dpi.svh'.
Back to file '/home/cad/eda/SYNOPSYS/VCS/vcs/T-2022.06-SP1/etc/uvm/verdi/uvm_custom_install_verdi_recorder.sv'.
Parsing included file '/home/cad/eda/SYNOPSYS/VCS/vcs/T-2022.06-SP1/etc/uvm/verdi/uvm_verdi_reg_recording.sv'.
Back to file '/home/cad/eda/SYNOPSYS/VCS/vcs/T-2022.06-SP1/etc/uvm/verdi/uvm_custom_install_verdi_recorder.sv'.
Parsing included file '/home/cad/eda/SYNOPSYS/VERDI_2022/verdi/T-2022.06-SP1/share/PLI/VCS/include/verdi_trans_recorder_dpi.svh'.
Back to file '/home/cad/eda/SYNOPSYS/VCS/vcs/T-2022.06-SP1/etc/uvm/verdi/uvm_custom_install_verdi_recorder.sv'.
Parsing included file '/home/cad/eda/SYNOPSYS/VCS/vcs/T-2022.06-SP1/etc/uvm/verdi/uvm_verdi_pli.svh'.
Back to file '/home/cad/eda/SYNOPSYS/VCS/vcs/T-2022.06-SP1/etc/uvm/verdi/uvm_custom_install_verdi_recorder.sv'.
Parsing design file '/home/cad/eda/SYNOPSYS/VCS/vcs/T-2022.06-SP1/etc/uvm/verdi/uvm_custom_install_verdi_recorder.sv'
Parsing design file '../rtl/router_fifo.v'
Parsing design file '../rtl/router_fsm.v'
Parsing design file '../rtl/router_reg.v'
Parsing design file '../rtl/router_sync.v'
Parsing design file '../rtl/router_top.v'
Parsing design file '../intf/router_dst_intf.sv'
Parsing design file '../intf/router_src_intf.sv'
Parsing design file '../test/router_pkg.sv'
Parsing included file '/home/cad/eda/SYNOPSYS/VCS/vcs/T-2022.06-SP1/etc/uvm/uvm_macros.svh'.
Back to file '../test/router_pkg.sv'.
Parsing included file '../src_agent/router_src_config.sv'.
Back to file '../test/router_pkg.sv'.
Parsing included file '../dst_agent/router_dst_config.sv'.
Back to file '../test/router_pkg.sv'.
Parsing included file '../tb/router_env_config.sv'.
Back to file '../test/router_pkg.sv'.
Parsing included file '../src_agent/router_src_xtn.sv'.
Back to file '../test/router_pkg.sv'.
Parsing included file '../src_agent/router_src_driver.sv'.
Back to file '../test/router_pkg.sv'.
Parsing included file '../src_agent/router_src_monitor.sv'.
Back to file '../test/router_pkg.sv'.
Parsing included file '../src_agent/router_src_sequencer.sv'.
Back to file '../test/router_pkg.sv'.
Parsing included file '../src_agent/router_src_agent.sv'.
Back to file '../test/router_pkg.sv'.
Parsing included file '../src_agent/router_src_agent_top.sv'.
Back to file '../test/router_pkg.sv'.
Parsing included file '../src_agent/router_src_sequence.sv'.
Back to file '../test/router_pkg.sv'.
Parsing included file '../dst_agent/router_dst_xtn.sv'.
Back to file '../test/router_pkg.sv'.
Parsing included file '../dst_agent/router_dst_driver.sv'.
Back to file '../test/router_pkg.sv'.
Parsing included file '../dst_agent/router_dst_monitor.sv'.
Back to file '../test/router_pkg.sv'.
Parsing included file '../dst_agent/router_dst_sequencer.sv'.
Back to file '../test/router_pkg.sv'.
Parsing included file '../dst_agent/router_dst_agent.sv'.
Back to file '../test/router_pkg.sv'.
Parsing included file '../dst_agent/router_dst_agent_top.sv'.
Back to file '../test/router_pkg.sv'.
Parsing included file '../dst_agent/router_dst_sequence.sv'.
Back to file '../test/router_pkg.sv'.
Parsing included file '../tb/router_scoreboard.sv'.
Back to file '../test/router_pkg.sv'.
Parsing included file '../tb/router_env.sv'.
Back to file '../test/router_pkg.sv'.
Parsing included file '../test/router_test_lib.sv'.
Back to file '../test/router_pkg.sv'.
Parsing design file '../tb/top.sv'
Parsing included file '/home/cad/eda/SYNOPSYS/VCS/vcs/T-2022.06-SP1/etc/uvm/uvm_macros.svh'.
Back to file '../tb/top.sv'.
Top Level Modules:
       uvm_custom_install_recording
       uvm_custom_install_verdi_recording
       top
TimeScale is 1 ns / 1 ps
VCS Coverage Metrics Release T-2022.06-SP1_Full64 Copyright (c) 1991-2022 by Synopsys Inc.
Starting vcs inline pass...
12 modules and 0 UDP read.
recompiling package vcs_paramclassrepository
recompiling package _vcs_DPI_package
recompiling package uvm_pkg
recompiling package _vcs_msglog
recompiling module uvm_custom_install_recording
recompiling module uvm_custom_install_verdi_recording
recompiling module router_fifo
recompiling module router_top
recompiling module router_dst_intf
recompiling module router_src_intf
recompiling package router_pkg
recompiling module top
All of 12 modules done
make[1]: Entering directory '/home1/VMPT58/FurquanA/router/sim/csrc'
rm -f _cuarc*.so _csrc*.so pre_vcsobj_*.so share_vcsobj_*.so
g++ -w  -pipe -DVCS -DUVM_DPI_DO_TYPE_CHECK -fPIC -O -I/home/cad/eda/SYNOPSYS/VCS/vcs/T-2022.06-SP1/include \
-c /home/cad/eda/SYNOPSYS/VCS/vcs/T-2022.06-SP1/etc/uvm/dpi/uvm_dpi.cc
g++ -w  -pipe -DVCS -DUVM_DPI_DO_TYPE_CHECK -fPIC -O -I/home/cad/eda/SYNOPSYS/VCS/vcs/T-2022.06-SP1/include \
-c /home/cad/eda/SYNOPSYS/VCS/vcs/T-2022.06-SP1/etc/uvm/verdi/dpi/uvm_verdi_dpi.cpp \

if [ -x ../simv ]; then chmod a-x ../simv; fi
g++  -o ../simv      -rdynamic  -Wl,-rpath='$ORIGIN'/simv.daidir -Wl,-rpath=./simv.daidir \
-Wl,-rpath=/home/cad/eda/SYNOPSYS/VCS/vcs/T-2022.06-SP1/linux64/lib -L/home/cad/eda/SYNOPSYS/VCS/vcs/T-2022.06-SP1/linux64/lib \
-Wl,-rpath-link=./  /usr/lib64/libnuma.so.1 uvm_dpi.o uvm_verdi_dpi.o   objs/amcQw_d.o \
_2553581_archive_1.so  SIM_l.o      rmapats_mop.o rmapats.o rmar.o rmar_nd.o  rmar_llvm_0_1.o \
rmar_llvm_0_0.o            -lvirsim -lerrorinf -lsnpsmalloc -lvfs /home/cad/eda/SYNOPSYS/VERDI_2022/verdi/T-2022.06-SP1/share/PLI/VCS/LINUX64/pli.a \
-lvcsnew -lsimprofile -lreader_common /home/cad/eda/SYNOPSYS/VCS/vcs/T-2022.06-SP1/linux64/lib/libBA.a \
-luclinative /home/cad/eda/SYNOPSYS/VCS/vcs/T-2022.06-SP1/linux64/lib/vcs_tls.o  \
-Wl,-whole-archive  -lvcsucli    -Wl,-no-whole-archive       ./../simv.daidir/vc_hdrs.o \
_vcs_pli_stub_.o   /home/cad/eda/SYNOPSYS/VCS/vcs/T-2022.06-SP1/linux64/lib/vcs_save_restore_new.o \
/home/cad/eda/SYNOPSYS/VERDI_2022/verdi/T-2022.06-SP1/share/PLI/VCS/LINUX64/pli.a \
-ldl -lm  -lc -lpthread -ldl 
../simv up to date
make[1]: Leaving directory '/home1/VMPT58/FurquanA/router/sim/csrc'
CPU time: 13.443 seconds to compile + .331 seconds to elab + .891 seconds to link
Verdi KDB elaboration done and the database successfully generated: 0 error(s), 0 warning(s)
Command: /home1/VMPT58/FurquanA/router/sim/./simv -a vcs.log +fsdbfile+wavesmall.fsdb -cm_dir ./mem_covsmall +ntb_random_seed_automatic +UVM_TESTNAME=small_packet_test +DST_ADDR=0
Chronologic VCS simulator copyright 1991-2022
Contains Synopsys proprietary information.
Compiler version T-2022.06-SP1_Full64; Runtime version T-2022.06-SP1_Full64;  Oct 12 09:01 2025
NOTE: automatic random seed used: 110403355
----------------------------------------------------------------
UVM-1.1d.Synopsys
(C) 2007-2013 Mentor Graphics Corporation
(C) 2007-2013 Cadence Design Systems, Inc.
(C) 2006-2013 Synopsys, Inc.
(C) 2011-2013 Cypress Semiconductor Corp.
----------------------------------------------------------------

  ***********       IMPORTANT RELEASE NOTES         ************

  You are using a version of the UVM library that has been compiled
  with `UVM_NO_DEPRECATED undefined.
  See http://www.eda.org/svdb/view.php?id=3313 for more details.

  You are using a version of the UVM library that has been compiled
  with `UVM_OBJECT_MUST_HAVE_CONSTRUCTOR undefined.
  See http://www.eda.org/svdb/view.php?id=3770 for more details.

      (Specify +UVM_NO_RELNOTES to turn off this notice)

*Verdi* Loading libsscore_vcs202206.so
FSDB Dumper for VCS, Release Verdi_T-2022.06-SP1, Linux x86_64/64bit, 08/28/2022
(C) 1996 - 2022 by Synopsys, Inc.
*Verdi* : Create FSDB file 'wavesmall.fsdb'
*Verdi* : Begin traversing the scope (top), layer (0).
*Verdi* : End of traversing.
UVM_INFO @ 0: reporter [RNTST] Running test small_packet_test...
UVM_INFO ../test/router_test_lib.sv(79) @ 0: uvm_test_top [small_packet_test] DST_ADDR Received from Makefile
UVM_INFO ../dst_agent/router_dst_sequencer.sv(11) @ 0: uvm_test_top.envh.dst_agnt_toph.agnth0.seqrh [uvm_test_top.envh.dst_agnt_toph.agnth0.seqrh] Inside build_phase
UVM_INFO ../dst_agent/router_dst_sequencer.sv(11) @ 0: uvm_test_top.envh.dst_agnt_toph.agnth1.seqrh [uvm_test_top.envh.dst_agnt_toph.agnth1.seqrh] Inside build_phase
UVM_INFO ../dst_agent/router_dst_sequencer.sv(11) @ 0: uvm_test_top.envh.dst_agnt_toph.agnth2.seqrh [uvm_test_top.envh.dst_agnt_toph.agnth2.seqrh] Inside build_phase
UVM_INFO ../src_agent/router_src_sequencer.sv(11) @ 0: uvm_test_top.envh.src_agnt_toph.agnth.seqrh [uvm_test_top.envh.src_agnt_toph.agnth.seqrh] Inside build_phase
UVM_INFO ../test/router_test_lib.sv(99) @ 0: uvm_test_top [small_packet_test] 

The router TB topology is shown below
UVM_INFO @ 0: reporter [UVMTOP] UVM testbench topology:
--------------------------------------------------------------------
Name                         Type                        Size  Value
--------------------------------------------------------------------
uvm_test_top                 small_packet_test           -     @474 
  envh                       router_env                  -     @499 
    dst_agnt_toph            router_dst_agent_top        -     @516 
      agnth0                 router_dst_agent            -     @533 
        drvh                 router_dst_driver           -     @585 
          rsp_port           uvm_analysis_port           -     @602 
          seq_item_port      uvm_seq_item_pull_port      -     @593 
        monh                 router_dst_monitor          -     @568 
          monitor_port       uvm_analysis_port           -     @576 
        seqrh                router_dst_sequencer        -     @611 
          rsp_export         uvm_analysis_export         -     @619 
          seq_item_export    uvm_seq_item_pull_imp       -     @725 
          arbitration_queue  array                       0     -    
          lock_queue         array                       0     -    
          num_last_reqs      integral                    32    'd1  
          num_last_rsps      integral                    32    'd1  
      agnth1                 router_dst_agent            -     @545 
        drvh                 router_dst_driver           -     @763 
          rsp_port           uvm_analysis_port           -     @780 
          seq_item_port      uvm_seq_item_pull_port      -     @771 
        monh                 router_dst_monitor          -     @746 
          monitor_port       uvm_analysis_port           -     @754 
        seqrh                router_dst_sequencer        -     @789 
          rsp_export         uvm_analysis_export         -     @797 
          seq_item_export    uvm_seq_item_pull_imp       -     @903 
          arbitration_queue  array                       0     -    
          lock_queue         array                       0     -    
          num_last_reqs      integral                    32    'd1  
          num_last_rsps      integral                    32    'd1  
      agnth2                 router_dst_agent            -     @554 
        drvh                 router_dst_driver           -     @941 
          rsp_port           uvm_analysis_port           -     @958 
          seq_item_port      uvm_seq_item_pull_port      -     @949 
        monh                 router_dst_monitor          -     @924 
          monitor_port       uvm_analysis_port           -     @932 
        seqrh                router_dst_sequencer        -     @967 
          rsp_export         uvm_analysis_export         -     @975 
          seq_item_export    uvm_seq_item_pull_imp       -     @1081
          arbitration_queue  array                       0     -    
          lock_queue         array                       0     -    
          num_last_reqs      integral                    32    'd1  
          num_last_rsps      integral                    32    'd1  
    sbh                      router_scoreboard           -     @524 
      dst_fifoh0             uvm_tlm_analysis_fifo #(T)  -     @1151
        analysis_export      uvm_analysis_imp            -     @1195
        get_ap               uvm_analysis_port           -     @1186
        get_peek_export      uvm_get_peek_imp            -     @1168
        put_ap               uvm_analysis_port           -     @1177
        put_export           uvm_put_imp                 -     @1159
      dst_fifoh1             uvm_tlm_analysis_fifo #(T)  -     @1204
        analysis_export      uvm_analysis_imp            -     @1248
        get_ap               uvm_analysis_port           -     @1239
        get_peek_export      uvm_get_peek_imp            -     @1221
        put_ap               uvm_analysis_port           -     @1230
        put_export           uvm_put_imp                 -     @1212
      dst_fifoh2             uvm_tlm_analysis_fifo #(T)  -     @1257
        analysis_export      uvm_analysis_imp            -     @1301
        get_ap               uvm_analysis_port           -     @1292
        get_peek_export      uvm_get_peek_imp            -     @1274
        put_ap               uvm_analysis_port           -     @1283
        put_export           uvm_put_imp                 -     @1265
      src_fifoh              uvm_tlm_analysis_fifo #(T)  -     @1098
        analysis_export      uvm_analysis_imp            -     @1142
        get_ap               uvm_analysis_port           -     @1133
        get_peek_export      uvm_get_peek_imp            -     @1115
        put_ap               uvm_analysis_port           -     @1124
        put_export           uvm_put_imp                 -     @1106
    src_agnt_toph            router_src_agent_top        -     @508 
      agnth                  router_src_agent            -     @1315
        drvh                 router_src_driver           -     @1345
          rsp_port           uvm_analysis_port           -     @1362
          seq_item_port      uvm_seq_item_pull_port      -     @1353
        monh                 router_src_monitor          -     @1328
          monitor_port       uvm_analysis_port           -     @1336
        seqrh                router_src_sequencer        -     @1371
          rsp_export         uvm_analysis_export         -     @1379
          seq_item_export    uvm_seq_item_pull_imp       -     @1485
          arbitration_queue  array                       0     -    
          lock_queue         array                       0     -    
          num_last_reqs      integral                    32    'd1  
          num_last_rsps      integral                    32    'd1  
--------------------------------------------------------------------

UVM_INFO ../dst_agent/router_dst_driver.sv(54) @ 0: uvm_test_top.envh.dst_agnt_toph.agnth0.drvh [router_dst_driver] 

READ DELAY GENERATED = 1

ASSERTED READ ENABLE
DE-ASSERTED READ ENABLE
UVM_INFO ../dst_agent/router_dst_monitor.sv(82) @ 70000: uvm_test_top.envh.dst_agnt_toph.agnth0.monh [router_dst_monitor] 

THE DESTINATION MONITOR PACKET COUNT IS 1
THE PACKET COLLECTED BY THE DESTINATION MONITOR IS:
------------------------------------------
Name           Type            Size  Value
------------------------------------------
mon_data       router_dst_xtn  -     @1501
  Header[BIN]  integral        8     'b0  
  Header[DEC]  integral        8     'd0  
  Parity       integral        8     'd0  
------------------------------------------
UVM_INFO ../tb/router_scoreboard.sv(126) @ 70000: uvm_test_top.envh.sbh [router_scoreboard] 

THE SCOREBOARD DESTINATION PACKET COUNT IS 1
UVM_INFO ../tb/router_scoreboard.sv(127) @ 70000: uvm_test_top.envh.sbh [router_scoreboard] 

PACKET RECEIVED AT SCOREBOARD FROM DST IS:
------------------------------------------
Name           Type            Size  Value
------------------------------------------
mon_data       router_dst_xtn  -     @1501
  Header[BIN]  integral        8     'b0  
  Header[DEC]  integral        8     'd0  
  Parity       integral        8     'd0  
------------------------------------------
UVM_INFO ../tb/router_scoreboard.sv(148) @ 70000: uvm_test_top.envh.sbh [router_scoreboard] Payload verified
UVM_INFO ../src_agent/router_src_driver.sv(79) @ 290000: uvm_test_top.envh.src_agnt_toph.agnth.drvh [router_src_driver] 

THE SOURCE DRIVER PACKET COUNT IS: 1
THE PACKET SENT FROM THE DRIVER IS
---------------------------------------------
Name           Type            Size  Value   
---------------------------------------------
req            router_src_xtn  -     @1552   
  Header[BIN]  integral        8     'b100000
  Header[DEC]  integral        8     'd32    
  Payload[0]   integral        8     206     
  Payload[1]   integral        8     'd118   
  Payload[2]   integral        8     'd0     
  Payload[3]   integral        8     'd13    
  Payload[4]   integral        8     'd46    
  Payload[5]   integral        8     'd124   
  Payload[6]   integral        8     'd96    
  Payload[7]   integral        8     198     
  Parity       integral        8     'd97    
  Busy         integral        1     'd0     
  Error        integral        1     'd0     
---------------------------------------------
UVM_INFO ../src_agent/router_src_monitor.sv(114) @ 330000: uvm_test_top.envh.src_agnt_toph.agnth.monh [router_src_monitor] 

THE SOURCE MONITOR PACKET COUNT IS 1
THE PACKET COLLECTED BY THE SOURCE MONITOR IS:
---------------------------------------------
Name           Type            Size  Value   
---------------------------------------------
xtn            router_src_xtn  -     @1519   
  Header[BIN]  integral        8     'b100000
  Header[DEC]  integral        8     'd32    
  Payload[0]   integral        8     206     
  Payload[1]   integral        8     'd118   
  Payload[2]   integral        8     'd0     
  Payload[3]   integral        8     'd13    
  Payload[4]   integral        8     'd46    
  Payload[5]   integral        8     'd124   
  Payload[6]   integral        8     'd96    
  Payload[7]   integral        8     198     
  Parity       integral        8     'd97    
  Busy         integral        1     'd0     
  Error        integral        1     'd0     
---------------------------------------------
UVM_INFO ../tb/router_scoreboard.sv(110) @ 330000: uvm_test_top.envh.sbh [router_scoreboard] 

THE SCOREBOARD SOURCE PACKET COUNT IS 1
UVM_INFO ../tb/router_scoreboard.sv(111) @ 330000: uvm_test_top.envh.sbh [router_scoreboard] 

PACKET RECEIVED AT SCOREBOARD FROM SRC IS:
---------------------------------------------
Name           Type            Size  Value   
---------------------------------------------
xtn            router_src_xtn  -     @1519   
  Header[BIN]  integral        8     'b100000
  Header[DEC]  integral        8     'd32    
  Payload[0]   integral        8     206     
  Payload[1]   integral        8     'd118   
  Payload[2]   integral        8     'd0     
  Payload[3]   integral        8     'd13    
  Payload[4]   integral        8     'd46    
  Payload[5]   integral        8     'd124   
  Payload[6]   integral        8     'd96    
  Payload[7]   integral        8     198     
  Parity       integral        8     'd97    
  Busy         integral        1     'd0     
  Error        integral        1     'd0     
---------------------------------------------
UVM_INFO /home/cad/eda/SYNOPSYS/VCS/vcs/T-2022.06-SP1/etc/uvm/base/uvm_objection.svh(1274) @ 390000: reporter [TEST_DONE] 'run' phase is ready to proceed to the 'extract' phase
UVM_INFO ../tb/router_scoreboard.sv(168) @ 390000: uvm_test_top.envh.sbh [router_scoreboard] 

---- SCOREBOARD REPORT ----
Packet count from src 	= 1
Packet count from dst 	= 1
Valid packet count 	= 1
Invalid packet count 	= 0


--- UVM Report Summary ---

** Report counts by severity
UVM_INFO :   19
UVM_WARNING :    0
UVM_ERROR :    0
UVM_FATAL :    0
** Report counts by id
[RNTST]     1
[TEST_DONE]     1
[UVMTOP]     1
[router_dst_driver]     1
[router_dst_monitor]     1
[router_scoreboard]     6
[router_src_driver]     1
[router_src_monitor]     1
[small_packet_test]     2
[uvm_test_top.envh.dst_agnt_toph.agnth0.seqrh]     1
[uvm_test_top.envh.dst_agnt_toph.agnth1.seqrh]     1
[uvm_test_top.envh.dst_agnt_toph.agnth2.seqrh]     1
[uvm_test_top.envh.src_agnt_toph.agnth.seqrh]     1
$finish called from file "/home/cad/eda/SYNOPSYS/VCS/vcs/T-2022.06-SP1/etc/uvm/base/uvm_root.svh", line 437.
$finish at simulation time               390000

---------------------------------------------------------------------------
VCS Coverage Metrics: during simulation  was monitored
---------------------------------------------------------------------------
           V C S   S i m u l a t i o n   R e p o r t 
Time: 390000 ps
CPU Time:      0.430 seconds;       Data structure size:   0.7Mb
Sun Oct 12 09:01:23 2025
